[2024-05-08T00:25:21.784+0000] {taskinstance.py:1159} INFO - Dependencies all met for dep_context=non-requeueable deps ti=<TaskInstance: bitcoin_transaction_analysis.select_features scheduled__2024-05-07T00:00:00+00:00 [queued]>
[2024-05-08T00:25:21.793+0000] {taskinstance.py:1159} INFO - Dependencies all met for dep_context=requeueable deps ti=<TaskInstance: bitcoin_transaction_analysis.select_features scheduled__2024-05-07T00:00:00+00:00 [queued]>
[2024-05-08T00:25:21.793+0000] {taskinstance.py:1361} INFO - Starting attempt 1 of 2
[2024-05-08T00:25:21.806+0000] {taskinstance.py:1382} INFO - Executing <Task(PythonOperator): select_features> on 2024-05-07 00:00:00+00:00
[2024-05-08T00:25:21.816+0000] {standard_task_runner.py:57} INFO - Started process 17836 to run task
[2024-05-08T00:25:21.821+0000] {standard_task_runner.py:84} INFO - Running: ['***', 'tasks', 'run', 'bitcoin_transaction_analysis', 'select_features', 'scheduled__2024-05-07T00:00:00+00:00', '--job-id', '255', '--raw', '--subdir', 'DAGS_FOLDER/bitcoin.py', '--cfg-path', '/tmp/tmphs_2wjsr']
[2024-05-08T00:25:21.825+0000] {standard_task_runner.py:85} INFO - Job 255: Subtask select_features
[2024-05-08T00:25:21.878+0000] {task_command.py:416} INFO - Running <TaskInstance: bitcoin_transaction_analysis.select_features scheduled__2024-05-07T00:00:00+00:00 [running]> on host c967b8493ef9
[2024-05-08T00:25:21.948+0000] {taskinstance.py:1662} INFO - Exporting env vars: AIRFLOW_CTX_DAG_OWNER='***' AIRFLOW_CTX_DAG_ID='bitcoin_transaction_analysis' AIRFLOW_CTX_TASK_ID='select_features' AIRFLOW_CTX_EXECUTION_DATE='2024-05-07T00:00:00+00:00' AIRFLOW_CTX_TRY_NUMBER='1' AIRFLOW_CTX_DAG_RUN_ID='scheduled__2024-05-07T00:00:00+00:00'
[2024-05-08T00:26:08.556+0000] {logging_mixin.py:154} INFO - Datasets split into training and prediction sets.
[2024-05-08T00:26:08.593+0000] {taskinstance.py:1937} ERROR - Task failed with exception
Traceback (most recent call last):
  File "/home/airflow/.local/lib/python3.8/site-packages/airflow/operators/python.py", line 192, in execute
    return_value = self.execute_callable()
  File "/home/airflow/.local/lib/python3.8/site-packages/airflow/operators/python.py", line 209, in execute_callable
    return self.python_callable(*self.op_args, **self.op_kwargs)
  File "/opt/airflow/dags/bitcoin.py", line 138, in select_features
    lasso_cv.fit(X, y)
  File "/home/airflow/.local/lib/python3.8/site-packages/sklearn/base.py", line 1152, in wrapper
    return fit_method(estimator, *args, **kwargs)
  File "/home/airflow/.local/lib/python3.8/site-packages/sklearn/linear_model/_coordinate_descent.py", line 1551, in fit
    X, y = self._validate_data(
  File "/home/airflow/.local/lib/python3.8/site-packages/sklearn/base.py", line 617, in _validate_data
    X = check_array(X, input_name="X", **check_X_params)
  File "/home/airflow/.local/lib/python3.8/site-packages/sklearn/utils/validation.py", line 967, in check_array
    raise ValueError(
ValueError: Found array with 0 sample(s) (shape=(0, 168)) while a minimum of 1 is required by LassoCV.
[2024-05-08T00:26:08.611+0000] {taskinstance.py:1400} INFO - Marking task as FAILED. dag_id=bitcoin_transaction_analysis, task_id=select_features, execution_date=20240507T000000, start_date=20240508T002521, end_date=20240508T002608
[2024-05-08T00:26:08.624+0000] {standard_task_runner.py:104} ERROR - Failed to execute job 255 for task select_features (Found array with 0 sample(s) (shape=(0, 168)) while a minimum of 1 is required by LassoCV.; 17836)
[2024-05-08T00:26:08.677+0000] {local_task_job_runner.py:228} INFO - Task exited with return code 1
[2024-05-08T00:26:08.700+0000] {taskinstance.py:2778} INFO - 0 downstream tasks scheduled from follow-on schedule check
