[2024-05-05T10:53:52.599+0000] {taskinstance.py:1159} INFO - Dependencies all met for dep_context=non-requeueable deps ti=<TaskInstance: bitcoin_transaction_analysis.select_features manual__2024-05-05T10:48:08.751997+00:00 [queued]>
[2024-05-05T10:53:52.605+0000] {taskinstance.py:1159} INFO - Dependencies all met for dep_context=requeueable deps ti=<TaskInstance: bitcoin_transaction_analysis.select_features manual__2024-05-05T10:48:08.751997+00:00 [queued]>
[2024-05-05T10:53:52.605+0000] {taskinstance.py:1361} INFO - Starting attempt 2 of 2
[2024-05-05T10:53:52.613+0000] {taskinstance.py:1382} INFO - Executing <Task(PythonOperator): select_features> on 2024-05-05 10:48:08.751997+00:00
[2024-05-05T10:53:52.619+0000] {standard_task_runner.py:57} INFO - Started process 3516 to run task
[2024-05-05T10:53:52.622+0000] {standard_task_runner.py:84} INFO - Running: ['***', 'tasks', 'run', 'bitcoin_transaction_analysis', 'select_features', 'manual__2024-05-05T10:48:08.751997+00:00', '--job-id', '235', '--raw', '--subdir', 'DAGS_FOLDER/bitcoin.py', '--cfg-path', '/tmp/tmpsb9uie61']
[2024-05-05T10:53:52.625+0000] {standard_task_runner.py:85} INFO - Job 235: Subtask select_features
[2024-05-05T10:53:52.661+0000] {task_command.py:416} INFO - Running <TaskInstance: bitcoin_transaction_analysis.select_features manual__2024-05-05T10:48:08.751997+00:00 [running]> on host c967b8493ef9
[2024-05-05T10:53:52.714+0000] {taskinstance.py:1662} INFO - Exporting env vars: AIRFLOW_CTX_DAG_OWNER='***' AIRFLOW_CTX_DAG_ID='bitcoin_transaction_analysis' AIRFLOW_CTX_TASK_ID='select_features' AIRFLOW_CTX_EXECUTION_DATE='2024-05-05T10:48:08.751997+00:00' AIRFLOW_CTX_TRY_NUMBER='2' AIRFLOW_CTX_DAG_RUN_ID='manual__2024-05-05T10:48:08.751997+00:00'
[2024-05-05T10:53:58.698+0000] {logging_mixin.py:154} INFO - Datasets split into training and prediction sets.
[2024-05-05T10:53:58.727+0000] {taskinstance.py:1937} ERROR - Task failed with exception
Traceback (most recent call last):
  File "/home/airflow/.local/lib/python3.8/site-packages/airflow/operators/python.py", line 192, in execute
    return_value = self.execute_callable()
  File "/home/airflow/.local/lib/python3.8/site-packages/airflow/operators/python.py", line 209, in execute_callable
    return self.python_callable(*self.op_args, **self.op_kwargs)
  File "/opt/airflow/dags/bitcoin.py", line 138, in select_features
    lasso_cv.fit(X, y)
  File "/home/airflow/.local/lib/python3.8/site-packages/sklearn/base.py", line 1152, in wrapper
    return fit_method(estimator, *args, **kwargs)
  File "/home/airflow/.local/lib/python3.8/site-packages/sklearn/linear_model/_coordinate_descent.py", line 1551, in fit
    X, y = self._validate_data(
  File "/home/airflow/.local/lib/python3.8/site-packages/sklearn/base.py", line 617, in _validate_data
    X = check_array(X, input_name="X", **check_X_params)
  File "/home/airflow/.local/lib/python3.8/site-packages/sklearn/utils/validation.py", line 967, in check_array
    raise ValueError(
ValueError: Found array with 0 sample(s) (shape=(0, 169)) while a minimum of 1 is required by LassoCV.
[2024-05-05T10:53:58.756+0000] {taskinstance.py:1400} INFO - Marking task as FAILED. dag_id=bitcoin_transaction_analysis, task_id=select_features, execution_date=20240505T104808, start_date=20240505T105352, end_date=20240505T105358
[2024-05-05T10:53:58.771+0000] {standard_task_runner.py:104} ERROR - Failed to execute job 235 for task select_features (Found array with 0 sample(s) (shape=(0, 169)) while a minimum of 1 is required by LassoCV.; 3516)
[2024-05-05T10:53:58.794+0000] {local_task_job_runner.py:228} INFO - Task exited with return code 1
[2024-05-05T10:53:58.841+0000] {taskinstance.py:2778} INFO - 0 downstream tasks scheduled from follow-on schedule check
